== versions ==
v22.23.1
openjdk version "17.0.19" 2026-04-21
OpenJDK Runtime Environment Temurin-17.0.19+10 (build 17.0.19+10)
OpenJDK 64-Bit Server VM Temurin-17.0.19+10 (build 17.0.19+10, mixed mode, sharing)
JAVA_HOME=/opt/hostedtoolcache/Java_Temurin-Hotspot_jdk/17.0.19-10/x64
ANDROID_HOME=/usr/local/lib/android/sdk
== install bubblewrap ==
npm warn deprecated phin@3.7.1: Package no longer supported. Contact Support at https://www.npmjs.com/support for more info.
npm warn deprecated google-p12-pem@3.1.4: Package is no longer maintained
npm warn deprecated @types/gapi.client.androidpublisher@3.0.2: use @types/gapi.client.androidpublisher-v3 instead; see https://github.com/Maxim-Mazurok/google-api-typings-generator/issues/652 for details
npm warn deprecated tar@6.2.1: Old versions of tar are not supported, and contain widely publicized security vulnerabilities, which have been fixed in the current version. Please update. Support for old versions may be purchased (at exorbitant rates) by contacting i@izs.me
npm warn deprecated uuid@8.3.2: uuid@10 and below is no longer supported.  For ESM codebases, update to uuid@latest.  For CommonJS codebases, use uuid@11 (but be aware this version will likely be deprecated in 2028).

added 288 packages in 10s

40 packages are looking for funding
  run `npm fund` for details
== restore keystore (contents redacted) ==
-rw-r--r-- 1 runner runner 2680 Jul 22 14:41 upload.keystore
== bubblewrap config ==
{"jdkPath": "/opt/hostedtoolcache/Java_Temurin-Hotspot_jdk/17.0.19-10/x64", "androidSdkPath": "/usr/local/lib/android/sdk"}
yes: standard output: Broken pipe
license step skipped
== bubblewrap update (generates the Android project) ==
,-----.        ,--.  ,--.  ,--.
|  |) /_,--.,--|  |-.|  |-.|  |,---.,--.   ,--,--.--.,--,--.,---.
|  .-.  |  ||  | .-. | .-. |  | .-. |  |.'.|  |  .--' ,-.  | .-. |
|  '--' '  ''  | `-' | `-' |  \   --|   .'.   |  |  \ '-'  | '-' '
`------' `----' `---' `---'`--'`----'--'   '--`--'   `--`--|  |-'
                                                           `--'    
Generating Android Project.

Project updated successfully.
Build it by running bubblewrap build
== gradle build (unsigned bundle) ==
Downloading https://services.gradle.org/distributions/gradle-8.11.1-bin.zip
..................................................................................................................................

Welcome to Gradle 8.11.1!

Here are the highlights of this release:
 - Parallel load and store for Configuration Cache
 - Java compilation errors at the end of the build output
 - Consolidated report for warnings and deprecations

For more details see https://docs.gradle.org/8.11.1/release-notes.html

To honour the JVM settings for this build a single-use Daemon process will be forked. For more on this, please refer to https://docs.gradle.org/8.11.1/userguide/gradle_daemon.html#sec:disabling_the_daemon in the Gradle documentation.
Daemon will be stopped at the end of the build 
> Task :app:generateShorcutsFile UP-TO-DATE
> Task :app:preBuild UP-TO-DATE
> Task :app:preReleaseBuild UP-TO-DATE
> Task :app:generateReleaseResValues
> Task :app:mapReleaseSourceSetPaths
> Task :app:generateReleaseResources
> Task :app:createReleaseCompatibleScreenManifests
> Task :app:extractDeepLinksRelease

> Task :app:processReleaseMainManifest
package="io.github.schmittmeister1.theraclock" found in source AndroidManifest.xml: /home/runner/work/theraclock/theraclock/android/app/src/main/AndroidManifest.xml.
Setting the namespace via the package attribute in the source AndroidManifest.xml is no longer supported, and the value is ignored.
Recommendation: remove package="io.github.schmittmeister1.theraclock" from the source AndroidManifest.xml: /home/runner/work/theraclock/theraclock/android/app/src/main/AndroidManifest.xml.

> Task :app:mergeReleaseResources
> Task :app:processReleaseManifest
> Task :app:processApplicationManifestReleaseForBundle
> Task :app:checkReleaseAarMetadata
> Task :app:packageReleaseResources
> Task :app:parseReleaseLocalResources
> Task :app:extractReleaseVersionControlInfo
> Task :app:mergeReleaseShaders
> Task :app:compileReleaseShaders NO-SOURCE
> Task :app:generateReleaseAssets UP-TO-DATE
> Task :app:mergeReleaseAssets
> Task :app:processReleaseManifestForPackage
> Task :app:checkReleaseDuplicateClasses
> Task :app:javaPreCompileRelease
> Task :app:extractProguardFiles
> Task :app:mergeReleaseArtProfile
> Task :app:processReleaseJavaRes NO-SOURCE
> Task :app:mergeReleaseStartupProfile
> Task :app:mergeReleaseJniLibFolders
> Task :app:mergeReleaseNativeLibs NO-SOURCE
> Task :app:stripReleaseDebugSymbols NO-SOURCE
> Task :app:processReleaseResources
> Task :app:writeReleaseAppMetadata
> Task :app:mergeReleaseJavaResource
> Task :app:bundleReleaseResources
> Task :app:compileReleaseJavaWithJavac
> Task :app:mergeReleaseGeneratedProguardFiles
> Task :app:collectReleaseDependencies
> Task :app:configureReleaseDependencies
> Task :app:extractReleaseNativeSymbolTables NO-SOURCE
> Task :app:parseReleaseIntegrityConfig
> Task :app:expandReleaseArtProfileWildcards
> Task :app:minifyReleaseWithR8
> Task :app:buildReleasePreBundle
> Task :app:compileReleaseArtProfile
> Task :app:packageReleaseBundle
> Task :app:signReleaseBundle
> Task :app:produceReleaseBundleIdeListingFile
> Task :app:createReleaseBundleListingFileRedirect
> Task :app:bundleRelease
[Incubating] Problems report is available at: file:///home/runner/work/theraclock/theraclock/android/build/reports/problems/problems-report.html

Deprecated Gradle features were used in this build, making it incompatible with Gradle 9.0.

You can use '--warning-mode all' to show the individual deprecation warnings and determine if they come from your own scripts or plugins.

For more on this, please refer to https://docs.gradle.org/8.11.1/userguide/command_line_interface.html#sec:command_line_warnings in the Gradle documentation.

BUILD SUCCESSFUL in 1m 6s
39 actionable tasks: 39 executed
== sign the bundle ==
jar signed.

Warning: 
The signer's certificate is self-signed.

jar verified.

Warning: 
This jar contains entries whose certificate chain is invalid. Reason: PKIX path building failed: sun.security.provider.certpath.SunCertPathBuilderException: unable to find valid certification path to requested target
This jar contains entries whose signer certificate is self-signed.
This jar contains signatures that do not include a timestamp. Without a timestamp, users may not be able to validate this jar after any of the signer certificates expire (as early as 2051-07-16).

Re-run with the -verbose and -certs options for more details.
== outputs ==
-rw-r--r-- 1 runner runner 1358887 Jul 22 14:43 ./app-release-bundle.aab
-rw-r--r-- 1 runner runner 1316363 Jul 22 14:43 ./unsigned.aab
